<?xml version="1.0" encoding="UTF-8"?>
<testng-results ignored="0" total="1" passed="1" failed="0" skipped="0">
  <reporter-output>
  </reporter-output>
  <suite started-at="2021-06-04T01:37:39 IST" name="Default suite" finished-at="2021-06-04T01:37:42 IST" duration-ms="3317">
    <groups>
    </groups>
    <test started-at="2021-06-04T01:37:39 IST" name="Default test" finished-at="2021-06-04T01:37:42 IST" duration-ms="3317">
      <class name="com.comcast.CRUDpractice.Timevalidation">
        <test-method signature="timevalidation()[pri:0, instance:com.comcast.CRUDpractice.Timevalidation@7f010382]" started-at="2021-06-04T01:37:39 IST" name="timevalidation" finished-at="2021-06-04T01:37:42 IST" duration-ms="3269" status="PASS">
          <reporter-output>
          </reporter-output>
        </test-method> <!-- timevalidation -->
      </class> <!-- com.comcast.CRUDpractice.Timevalidation -->
    </test> <!-- Default test -->
  </suite> <!-- Default suite -->
</testng-results>
